<?xml version="1.0" encoding="UTF-8"?>
<!-- Generated by org.testng.reporters.JUnitXMLReporter -->
<testsuite hostname="DESKTOP-OLMMIPV" ignored="0" name="Default test" tests="5" failures="0" timestamp="2023-05-12T14:18:04 IST" time="0.103" errors="0">
  <testcase name="@BeforeMethod Setup" time="-1.68388128426E9" classname="com.QALegend.qa.Testcases.LoginPageTestcases">
    <failure type="org.testng.TestNGException" message="
Parameter &amp;apos;browser&amp;apos; is required by BeforeMethod on method Setup but has not been marked @Optional or defined
in C:\Users\Anusree\AppData\Local\Temp\testng-eclipse--1311113356\testng-customsuite.xml">
      <![CDATA[org.testng.TestNGException: 
Parameter 'browser' is required by BeforeMethod on method Setup but has not been marked @Optional or defined
in C:\Users\Anusree\AppData\Local\Temp\testng-eclipse--1311113356\testng-customsuite.xml
at org.testng.internal.Parameters.createParams(Parameters.java:270)
at org.testng.internal.Parameters.createParametersForMethod(Parameters.java:358)
at org.testng.internal.Parameters.createParameters(Parameters.java:700)
at org.testng.internal.Parameters.createConfigurationParameters(Parameters.java:168)
at org.testng.internal.ConfigInvoker.invokeConfigurations(ConfigInvoker.java:302)
at org.testng.internal.TestInvoker.runConfigMethods(TestInvoker.java:700)
at org.testng.internal.TestInvoker.invokeMethod(TestInvoker.java:527)
at org.testng.internal.TestInvoker.invokeTestMethod(TestInvoker.java:173)
at org.testng.internal.MethodRunner.runInSequence(MethodRunner.java:46)
at org.testng.internal.TestInvoker$MethodInvocationAgent.invoke(TestInvoker.java:824)
at org.testng.internal.TestInvoker.invokeTestMethods(TestInvoker.java:146)
at org.testng.internal.TestMethodWorker.invokeTestMethods(TestMethodWorker.java:146)
at org.testng.internal.TestMethodWorker.run(TestMethodWorker.java:128)
at java.util.ArrayList.forEach(Unknown Source)
at org.testng.TestRunner.privateRun(TestRunner.java:794)
at org.testng.TestRunner.run(TestRunner.java:596)
at org.testng.SuiteRunner.runTest(SuiteRunner.java:377)
at org.testng.SuiteRunner.runSequentially(SuiteRunner.java:371)
at org.testng.SuiteRunner.privateRun(SuiteRunner.java:332)
at org.testng.SuiteRunner.run(SuiteRunner.java:276)
at org.testng.SuiteRunnerWorker.runSuite(SuiteRunnerWorker.java:53)
at org.testng.SuiteRunnerWorker.run(SuiteRunnerWorker.java:96)
at org.testng.TestNG.runSuitesSequentially(TestNG.java:1212)
at org.testng.TestNG.runSuitesLocally(TestNG.java:1134)
at org.testng.TestNG.runSuites(TestNG.java:1063)
at org.testng.TestNG.run(TestNG.java:1031)
at org.testng.remote.AbstractRemoteTestNG.run(AbstractRemoteTestNG.java:115)
at org.testng.remote.RemoteTestNG.initAndRun(RemoteTestNG.java:251)
at org.testng.remote.RemoteTestNG.main(RemoteTestNG.java:77)
]]>
    </failure>
  </testcase> <!-- @BeforeMethod Setup -->
  <testcase name="@AfterMethod quit" time="-1.68388128428E9" classname="com.QALegend.qa.Testcases.LoginPageTestcases">
    <skipped/>
  </testcase> <!-- @AfterMethod quit -->
  <testcase name="@BeforeMethod Setup" time="-1.683881284287E9" classname="com.QALegend.qa.Testcases.LoginPageTestcases">
    <skipped/>
  </testcase> <!-- @BeforeMethod Setup -->
  <testcase name="@AfterMethod quit" time="-1.683881284297E9" classname="com.QALegend.qa.Testcases.LoginPageTestcases">
    <skipped/>
  </testcase> <!-- @AfterMethod quit -->
  <testcase name="@BeforeMethod Setup" time="-1.683881284299E9" classname="com.QALegend.qa.Testcases.LoginPageTestcases">
    <skipped/>
  </testcase> <!-- @BeforeMethod Setup -->
  <testcase name="@AfterMethod quit" time="-1.683881284305E9" classname="com.QALegend.qa.Testcases.LoginPageTestcases">
    <skipped/>
  </testcase> <!-- @AfterMethod quit -->
  <testcase name="@BeforeMethod Setup" time="-1.683881284308E9" classname="com.QALegend.qa.Testcases.LoginPageTestcases">
    <skipped/>
  </testcase> <!-- @BeforeMethod Setup -->
  <testcase name="@AfterMethod quit" time="-1.683881284313E9" classname="com.QALegend.qa.Testcases.LoginPageTestcases">
    <skipped/>
  </testcase> <!-- @AfterMethod quit -->
  <testcase name="@BeforeMethod Setup" time="-1.683881284315E9" classname="com.QALegend.qa.Testcases.LoginPageTestcases">
    <skipped/>
  </testcase> <!-- @BeforeMethod Setup -->
  <testcase name="@AfterMethod quit" time="-1.68388128432E9" classname="com.QALegend.qa.Testcases.LoginPageTestcases">
    <skipped/>
  </testcase> <!-- @AfterMethod quit -->
  <testcase name="LoginwithValidCredentialsTC1" time="0.0" classname="com.QALegend.qa.Testcases.LoginPageTestcases">
    <skipped/>
  </testcase> <!-- LoginwithValidCredentialsTC1 -->
  <testcase name="LoginwithInValidCredentialsTC2" time="0.0" classname="com.QALegend.qa.Testcases.LoginPageTestcases">
    <skipped/>
  </testcase> <!-- LoginwithInValidCredentialsTC2 -->
  <testcase name="ValidusernameinvalidpwdTC3" time="0.0" classname="com.QALegend.qa.Testcases.LoginPageTestcases">
    <skipped/>
  </testcase> <!-- ValidusernameinvalidpwdTC3 -->
  <testcase name="InvalidusernamevalidpwdTC4" time="0.0" classname="com.QALegend.qa.Testcases.LoginPageTestcases">
    <skipped/>
  </testcase> <!-- InvalidusernamevalidpwdTC4 -->
  <testcase name="ForgotpwdTC5" time="0.0" classname="com.QALegend.qa.Testcases.LoginPageTestcases">
    <skipped/>
  </testcase> <!-- ForgotpwdTC5 -->
</testsuite> <!-- Default test -->
